*** Starting uWSGI 2.0.14 (64bit) on [Mon Oct 21 14:18:09 2019] ***
compiled with version: 4.4.7 20120313 (Red Hat 4.4.7-23) on 08 January 2019 07:10:22
os: Linux-2.6.32-696.18.7.el6.x86_64 #1 SMP Thu Jan 4 17:31:22 UTC 2018
nodename: localhost.localdomain
machine: x86_64
clock source: unix
detected number of CPU cores: 1
current working directory: /root/OpsAuto
writing pidfile to uwsgi.pid
detected binary path: /opt/python3.6/bin/uwsgi
!!! no internal routing support, rebuild with pcre support !!!
uWSGI running as root, you can use --uid/--gid/--chroot options
*** WARNING: you are running uWSGI as root !!! (use the --uid flag) *** 
chdir() to /root/OpsAuto
your processes number limit is 1863
your memory page size is 4096 bytes
detected max file descriptor number: 1024
lock engine: pthread robust mutexes
thunder lock: disabled (you can enable it with --thunder-lock)
uWSGI http bound on 127.0.0.1:8080 fd 4
uwsgi socket 0 bound to TCP address 127.0.0.1:40745 (port auto-assigned) fd 3
Python version: 3.6.2 (default, Jan  8 2019, 06:33:43)  [GCC 4.4.7 20120313 (Red Hat 4.4.7-23)]
Python main interpreter initialized at 0xf0ba00
python threads support enabled
your server socket listen backlog is limited to 100 connections
your mercy for graceful operations on workers is 60 seconds
mapped 415360 bytes (405 KB) for 8 cores
*** Operational MODE: preforking+threaded ***
WSGI app 0 (mountpoint='') ready in 2 seconds on interpreter 0xf0ba00 pid: 1875 (default app)
*** uWSGI is running in multiple interpreter mode ***
spawned uWSGI master process (pid: 1875)
spawned uWSGI worker 1 (pid: 1877, cores: 2)
spawned uWSGI worker 2 (pid: 1878, cores: 2)
spawned uWSGI worker 3 (pid: 1879, cores: 2)
spawned uWSGI worker 4 (pid: 1880, cores: 2)
spawned uWSGI http 1 (pid: 1881)
SIGINT/SIGQUIT received...killing workers...
gateway "uWSGI http 1" has been buried (pid: 1881)
worker 1 buried after 1 seconds
worker 2 buried after 1 seconds
worker 3 buried after 1 seconds
worker 4 buried after 1 seconds
goodbye to uWSGI.
*** Starting uWSGI 2.0.14 (64bit) on [Mon Oct 21 14:21:07 2019] ***
compiled with version: 4.4.7 20120313 (Red Hat 4.4.7-23) on 08 January 2019 07:10:22
os: Linux-2.6.32-696.18.7.el6.x86_64 #1 SMP Thu Jan 4 17:31:22 UTC 2018
nodename: localhost.localdomain
machine: x86_64
clock source: unix
detected number of CPU cores: 1
current working directory: /root/OpsAuto
writing pidfile to uwsgi.pid
detected binary path: /opt/python3.6/bin/uwsgi
!!! no internal routing support, rebuild with pcre support !!!
uWSGI running as root, you can use --uid/--gid/--chroot options
*** WARNING: you are running uWSGI as root !!! (use the --uid flag) *** 
chdir() to /root/OpsAuto
your processes number limit is 1863
your memory page size is 4096 bytes
detected max file descriptor number: 1024
lock engine: pthread robust mutexes
thunder lock: disabled (you can enable it with --thunder-lock)
uWSGI http bound on 127.0.0.1:8000 fd 4
uwsgi socket 0 bound to TCP address 127.0.0.1:38053 (port auto-assigned) fd 3
Python version: 3.6.2 (default, Jan  8 2019, 06:33:43)  [GCC 4.4.7 20120313 (Red Hat 4.4.7-23)]
Python main interpreter initialized at 0x144da00
python threads support enabled
your server socket listen backlog is limited to 100 connections
your mercy for graceful operations on workers is 60 seconds
mapped 415360 bytes (405 KB) for 8 cores
*** Operational MODE: preforking+threaded ***
WSGI app 0 (mountpoint='') ready in 0 seconds on interpreter 0x144da00 pid: 1902 (default app)
*** uWSGI is running in multiple interpreter mode ***
spawned uWSGI master process (pid: 1902)
spawned uWSGI worker 1 (pid: 1904, cores: 2)
spawned uWSGI worker 2 (pid: 1905, cores: 2)
spawned uWSGI worker 3 (pid: 1906, cores: 2)
spawned uWSGI worker 4 (pid: 1907, cores: 2)
spawned uWSGI http 1 (pid: 1908)
[pid: 1907|app: 0|req: 1/1] 127.0.0.1 () {28 vars in 392 bytes} [Mon Oct 21 22:24:08 2019] GET / => generated 5112 bytes in 2704 msecs (HTTP/1.1 404) 3 headers in 102 bytes (1 switches on core 0)
[pid: 1907|app: 0|req: 2/2] 127.0.0.1 () {28 vars in 402 bytes} [Mon Oct 21 22:24:19 2019] GET /index => generated 0 bytes in 0 msecs (HTTP/1.1 301) 3 headers in 112 bytes (1 switches on core 1)
SIGINT/SIGQUIT received...killing workers...
gateway "uWSGI http 1" has been buried (pid: 1908)
worker 1 buried after 1 seconds
worker 2 buried after 1 seconds
worker 3 buried after 1 seconds
worker 4 buried after 1 seconds
goodbye to uWSGI.
*** Starting uWSGI 2.0.14 (64bit) on [Mon Oct 21 14:26:34 2019] ***
compiled with version: 4.4.7 20120313 (Red Hat 4.4.7-23) on 08 January 2019 07:10:22
os: Linux-2.6.32-696.18.7.el6.x86_64 #1 SMP Thu Jan 4 17:31:22 UTC 2018
nodename: localhost.localdomain
machine: x86_64
clock source: unix
detected number of CPU cores: 1
current working directory: /root/OpsAuto
writing pidfile to uwsgi.pid
detected binary path: /opt/python3.6/bin/uwsgi
!!! no internal routing support, rebuild with pcre support !!!
uWSGI running as root, you can use --uid/--gid/--chroot options
*** WARNING: you are running uWSGI as root !!! (use the --uid flag) *** 
chdir() to /root/OpsAuto
your processes number limit is 1863
your memory page size is 4096 bytes
detected max file descriptor number: 1024
lock engine: pthread robust mutexes
thunder lock: disabled (you can enable it with --thunder-lock)
uWSGI http bound on 127.0.0.1:8000 fd 4
uwsgi socket 0 bound to TCP address 127.0.0.1:42208 (port auto-assigned) fd 3
Python version: 3.6.2 (default, Jan  8 2019, 06:33:43)  [GCC 4.4.7 20120313 (Red Hat 4.4.7-23)]
Python main interpreter initialized at 0xb559f0
python threads support enabled
your server socket listen backlog is limited to 100 connections
your mercy for graceful operations on workers is 60 seconds
mapped 415360 bytes (405 KB) for 8 cores
*** Operational MODE: preforking+threaded ***
WSGI app 0 (mountpoint='') ready in 1 seconds on interpreter 0xb559f0 pid: 1759 (default app)
*** uWSGI is running in multiple interpreter mode ***
spawned uWSGI master process (pid: 1759)
spawned uWSGI worker 1 (pid: 1761, cores: 2)
spawned uWSGI worker 2 (pid: 1762, cores: 2)
spawned uWSGI worker 3 (pid: 1763, cores: 2)
spawned uWSGI worker 4 (pid: 1764, cores: 2)
spawned uWSGI http 1 (pid: 1765)
[pid: 1764|app: 0|req: 1/1] 127.0.0.1 () {28 vars in 392 bytes} [Mon Oct 21 22:26:40 2019] GET / => generated 5112 bytes in 1002 msecs (HTTP/1.1 404) 3 headers in 102 bytes (1 switches on core 0)
SIGINT/SIGQUIT received...killing workers...
gateway "uWSGI http 1" has been buried (pid: 1765)
worker 1 buried after 1 seconds
worker 2 buried after 1 seconds
worker 3 buried after 1 seconds
worker 4 buried after 1 seconds
goodbye to uWSGI.
*** Starting uWSGI 2.0.14 (64bit) on [Mon Oct 21 14:27:40 2019] ***
compiled with version: 4.4.7 20120313 (Red Hat 4.4.7-23) on 08 January 2019 07:10:22
os: Linux-2.6.32-696.18.7.el6.x86_64 #1 SMP Thu Jan 4 17:31:22 UTC 2018
nodename: localhost.localdomain
machine: x86_64
clock source: unix
detected number of CPU cores: 1
current working directory: /root/OpsAuto
writing pidfile to uwsgi.pid
detected binary path: /opt/python3.6/bin/uwsgi
!!! no internal routing support, rebuild with pcre support !!!
uWSGI running as root, you can use --uid/--gid/--chroot options
*** WARNING: you are running uWSGI as root !!! (use the --uid flag) *** 
chdir() to /root/OpsAuto
your processes number limit is 1863
your memory page size is 4096 bytes
detected max file descriptor number: 1024
lock engine: pthread robust mutexes
thunder lock: disabled (you can enable it with --thunder-lock)
uWSGI http bound on 0.0.0.0:8000 fd 4
uwsgi socket 0 bound to TCP address 127.0.0.1:45610 (port auto-assigned) fd 3
Python version: 3.6.2 (default, Jan  8 2019, 06:33:43)  [GCC 4.4.7 20120313 (Red Hat 4.4.7-23)]
Python main interpreter initialized at 0xd199d0
python threads support enabled
your server socket listen backlog is limited to 100 connections
your mercy for graceful operations on workers is 60 seconds
mapped 415360 bytes (405 KB) for 8 cores
*** Operational MODE: preforking+threaded ***
WSGI app 0 (mountpoint='') ready in 0 seconds on interpreter 0xd199d0 pid: 1776 (default app)
*** uWSGI is running in multiple interpreter mode ***
spawned uWSGI master process (pid: 1776)
spawned uWSGI worker 1 (pid: 1778, cores: 2)
spawned uWSGI worker 2 (pid: 1779, cores: 2)
spawned uWSGI worker 3 (pid: 1780, cores: 2)
spawned uWSGI worker 4 (pid: 1781, cores: 2)
spawned uWSGI http 1 (pid: 1782)
[pid: 1781|app: 0|req: 1/1] 10.0.2.2 () {40 vars in 795 bytes} [Mon Oct 21 22:27:45 2019] GET /index/ => generated 0 bytes in 940 msecs (HTTP/1.1 302) 5 headers in 156 bytes (1 switches on core 0)
[pid: 1781|app: 0|req: 2/2] 10.0.2.2 () {40 vars in 820 bytes} [Mon Oct 21 22:27:46 2019] GET /login/?next=/index/ => generated 2951 bytes in 110 msecs (HTTP/1.1 200) 5 headers in 278 bytes (1 switches on core 1)
[pid: 1781|app: 0|req: 3/3] 10.0.2.2 () {40 vars in 843 bytes} [Mon Oct 21 22:27:46 2019] GET /static/vendor/simple-line-icons/css/simple-line-icons.css => generated 5301 bytes in 43 msecs (HTTP/1.1 404) 3 headers in 102 bytes (1 switches on core 0)
[pid: 1781|app: 0|req: 4/4] 10.0.2.2 () {40 vars in 800 bytes} [Mon Oct 21 22:27:46 2019] GET /static/vendor/bootstrap/js/bootstrap.min.js => generated 5259 bytes in 6 msecs (HTTP/1.1 404) 3 headers in 102 bytes (1 switches on core 1)
[pid: 1781|app: 0|req: 5/5] 10.0.2.2 () {40 vars in 752 bytes} [Mon Oct 21 22:27:46 2019] GET /static/js/carbon.js => generated 5187 bytes in 5 msecs (HTTP/1.1 404) 3 headers in 102 bytes (1 switches on core 1)
[pid: 1781|app: 0|req: 6/6] 10.0.2.2 () {40 vars in 748 bytes} [Mon Oct 21 22:27:46 2019] GET /static/js/demo.js => generated 5181 bytes in 5 msecs (HTTP/1.1 404) 3 headers in 102 bytes (1 switches on core 1)
[pid: 1779|app: 0|req: 2/7] 10.0.2.2 () {40 vars in 782 bytes} [Mon Oct 21 22:27:46 2019] GET /static/vendor/jquery/jquery.min.js => generated 5232 bytes in 2752 msecs (HTTP/1.1 404) 3 headers in 102 bytes (1 switches on core 1)
[pid: 1779|app: 0|req: 2/8] 10.0.2.2 () {40 vars in 771 bytes} [Mon Oct 21 22:27:46 2019] GET /static/css/styles.css => generated 5193 bytes in 2766 msecs (HTTP/1.1 404) 3 headers in 102 bytes (1 switches on core 0)
[pid: 1778|app: 0|req: 2/9] 10.0.2.2 () {40 vars in 784 bytes} [Mon Oct 21 22:27:46 2019] GET /static/vendor/chart.js/chart.min.js => generated 5235 bytes in 2787 msecs (HTTP/1.1 404) 3 headers in 102 bytes (1 switches on core 1)
[pid: 1778|app: 0|req: 2/10] 10.0.2.2 () {40 vars in 788 bytes} [Mon Oct 21 22:27:46 2019] GET /static/vendor/popper.js/popper.min.js => generated 5241 bytes in 2803 msecs (HTTP/1.1 404) 3 headers in 102 bytes (1 switches on core 0)
[pid: 1780|app: 0|req: 1/11] 10.0.2.2 () {40 vars in 837 bytes} [Mon Oct 21 22:27:46 2019] GET /static/vendor/font-awesome/css/fontawesome-all.min.css => generated 5292 bytes in 2835 msecs (HTTP/1.1 404) 3 headers in 102 bytes (1 switches on core 0)
[pid: 1781|app: 0|req: 7/12] 10.0.2.2 () {38 vars in 733 bytes} [Mon Oct 21 22:27:49 2019] GET /static/vendor/popper.js/popper.min.js => generated 5241 bytes in 13 msecs (HTTP/1.1 404) 3 headers in 102 bytes (1 switches on core 1)
[pid: 1780|app: 0|req: 2/13] 10.0.2.2 () {38 vars in 745 bytes} [Mon Oct 21 22:27:49 2019] GET /static/vendor/bootstrap/js/bootstrap.min.js => generated 5259 bytes in 6 msecs (HTTP/1.1 404) 3 headers in 102 bytes (1 switches on core 1)
[pid: 1778|app: 0|req: 3/14] 10.0.2.2 () {38 vars in 729 bytes} [Mon Oct 21 22:27:49 2019] GET /static/vendor/chart.js/chart.min.js => generated 5235 bytes in 7 msecs (HTTP/1.1 404) 3 headers in 102 bytes (1 switches on core 1)
[pid: 1779|app: 0|req: 3/15] 10.0.2.2 () {38 vars in 697 bytes} [Mon Oct 21 22:27:49 2019] GET /static/js/carbon.js => generated 5187 bytes in 8 msecs (HTTP/1.1 404) 3 headers in 102 bytes (1 switches on core 1)
[pid: 1781|app: 0|req: 8/16] 10.0.2.2 () {38 vars in 693 bytes} [Mon Oct 21 22:27:49 2019] GET /static/js/demo.js => generated 5181 bytes in 7 msecs (HTTP/1.1 404) 3 headers in 102 bytes (1 switches on core 0)
[pid: 1780|app: 0|req: 3/17] 10.0.2.2 () {38 vars in 717 bytes} [Mon Oct 21 22:27:49 2019] GET /favicon.ico => generated 5163 bytes in 7 msecs (HTTP/1.1 404) 3 headers in 102 bytes (1 switches on core 1)
SIGINT/SIGQUIT received...killing workers...
gateway "uWSGI http 1" has been buried (pid: 1782)
worker 1 buried after 1 seconds
worker 2 buried after 1 seconds
worker 3 buried after 1 seconds
worker 4 buried after 1 seconds
goodbye to uWSGI.
